<?xml version="1.0" encoding="UTF-8"?>
<!-- Generated by org.testng.reporters.JUnitReportReporter -->
<testsuite skipped="3" hostname="DESKTOP-E1E9EHH" name="mongodbusage.MongoDBConnections" tests="4" failures="0" timestamp="05 Oct 2020 11:44:36 GMT" time="0.172" errors="1">
  <testcase name="connectMongoDB" time="0.172" classname="mongodbusage.MongoDBConnections">
    <error type="java.lang.NoSuchMethodError" message="com.mongodb.ConnectionString.getApplicationName()Ljava/lang/String;">
      <![CDATA[java.lang.NoSuchMethodError: com.mongodb.ConnectionString.getApplicationName()Ljava/lang/String;
at com.mongodb.MongoClientSettings$Builder.applyConnectionString(MongoClientSettings.java:196)
at com.mongodb.client.MongoClients.create(MongoClients.java:99)
at com.mongodb.client.MongoClients.create(MongoClients.java:83)
at com.mongodb.client.MongoClients.create(MongoClients.java:61)
at mongodbusage.MongoDBConnections.connectMongoDB(MongoDBConnections.java:39)
at sun.reflect.NativeMethodAccessorImpl.invoke0(Native Method)
at sun.reflect.NativeMethodAccessorImpl.invoke(NativeMethodAccessorImpl.java:62)
at sun.reflect.DelegatingMethodAccessorImpl.invoke(DelegatingMethodAccessorImpl.java:43)
at java.lang.reflect.Method.invoke(Method.java:498)
at org.testng.internal.MethodInvocationHelper.invokeMethod(MethodInvocationHelper.java:124)
at org.testng.internal.MethodInvocationHelper.invokeMethodConsideringTimeout(MethodInvocationHelper.java:59)
at org.testng.internal.Invoker.invokeConfigurationMethod(Invoker.java:455)
at org.testng.internal.Invoker.invokeConfigurations(Invoker.java:222)
at org.testng.internal.Invoker.invokeConfigurations(Invoker.java:142)
at org.testng.SuiteRunner.privateRun(SuiteRunner.java:401)
at org.testng.SuiteRunner.run(SuiteRunner.java:364)
at org.testng.SuiteRunnerWorker.runSuite(SuiteRunnerWorker.java:52)
at org.testng.SuiteRunnerWorker.run(SuiteRunnerWorker.java:84)
at org.testng.TestNG.runSuitesSequentially(TestNG.java:1208)
at org.testng.TestNG.runSuitesLocally(TestNG.java:1137)
at org.testng.TestNG.runSuites(TestNG.java:1049)
at org.testng.TestNG.run(TestNG.java:1017)
at org.testng.remote.AbstractRemoteTestNG.run(AbstractRemoteTestNG.java:114)
at org.testng.remote.RemoteTestNG.initAndRun(RemoteTestNG.java:251)
at org.testng.remote.RemoteTestNG.main(RemoteTestNG.java:77)
]]>
    </error>
  </testcase> <!-- connectMongoDB -->
  <testcase name="webScrapeTest" time="0.000" classname="mongodbusage.MongoDBConnections">
    <skipped/>
  </testcase> <!-- webScrapeTest -->
  <testcase name="webScrapeTest" time="0.000" classname="mongodbusage.MongoDBConnections">
    <skipped/>
  </testcase> <!-- webScrapeTest -->
  <testcase name="webScrapeTest" time="0.000" classname="mongodbusage.MongoDBConnections">
    <skipped/>
  </testcase> <!-- webScrapeTest -->
</testsuite> <!-- mongodbusage.MongoDBConnections -->
