<?xml version="1.0" encoding="UTF-8"?>
<!-- Generated by org.testng.reporters.JUnitReportReporter -->
<testsuite skipped="0" hostname="DESKTOP-E1E9EHH" name="javabasicprogramms.ShadowDOMElement" tests="1" failures="0" timestamp="03 Jan 2021 10:00:33 GMT" time="25.051" errors="0">
  <testcase name="bootstrapdown" time="25.051" classname="javabasicprogramms.ShadowDOMElement"/>
</testsuite> <!-- javabasicprogramms.ShadowDOMElement -->
