<?xml version="1.0" encoding="UTF-8"?>
<!-- Generated by org.testng.reporters.JUnitReportReporter -->
<testsuite skipped="0" hostname="DESKTOP-E1E9EHH" name="com.demomavenprojectpractice.com.demomavenpractice.Gradledemoclass" tests="1" failures="0" timestamp="17 Dec 2019 13:49:52 GMT" time="1.572" errors="0">
  <testcase name="openurl" time="1.572" classname="com.demomavenprojectpractice.com.demomavenpractice.Gradledemoclass"/>
</testsuite> <!-- com.demomavenprojectpractice.com.demomavenpractice.Gradledemoclass -->
