<?xml version="1.0" encoding="UTF-8"?>
<!-- Generated by org.testng.reporters.JUnitReportReporter -->
<testsuite skipped="0" hostname="DESKTOP-E1E9EHH" name="nGWebDriverAngularJS.TestAngularJS" tests="1" failures="0" timestamp="20 Sep 2020 14:05:50 GMT" time="3.244" errors="0">
  <testcase name="testAngular" time="3.244" classname="nGWebDriverAngularJS.TestAngularJS"/>
</testsuite> <!-- nGWebDriverAngularJS.TestAngularJS -->
