<?xml version="1.0" encoding="UTF-8"?>
<!-- Generated by org.testng.reporters.JUnitReportReporter -->
<testsuite skipped="0" hostname="DESKTOP-E1E9EHH" name="selenium4features.WorkonAotherwindow" tests="1" failures="0" timestamp="02 Nov 2019 15:11:09 GMT" time="35.248" errors="0">
  <testcase name="openurlandlogin" time="35.248" classname="selenium4features.WorkonAotherwindow"/>
</testsuite> <!-- selenium4features.WorkonAotherwindow -->
