<?xml version="1.0" encoding="UTF-8"?>
<!-- Generated by org.testng.reporters.JUnitReportReporter -->
<testsuite skipped="0" hostname="DESKTOP-E1E9EHH" name="selenium4features.GetRectanglemethod" tests="1" failures="0" timestamp="21 Oct 2019 18:32:12 GMT" time="14.398" errors="0">
  <testcase name="openurlandlogin" time="14.398" classname="selenium4features.GetRectanglemethod"/>
</testsuite> <!-- selenium4features.GetRectanglemethod -->
