<?xml version="1.0" encoding="UTF-8"?>
<!-- Generated by org.testng.reporters.JUnitReportReporter -->
<testsuite skipped="0" hostname="DESKTOP-E1E9EHH" name="com.demomavenprojectpractice.com.demomavenpractice.TestNGPractice" tests="3" failures="0" timestamp="19 May 2020 15:21:32 GMT" time="0.027" errors="0">
  <testcase name="test2" time="0.016" classname="com.demomavenprojectpractice.com.demomavenpractice.TestNGPractice"/>
  <testcase name="testngclass" time="0.006" classname="com.demomavenprojectpractice.com.demomavenpractice.TestNGPractice"/>
  <testcase name="testngclassOne" time="0.005" classname="com.demomavenprojectpractice.com.demomavenpractice.TestNGPractice"/>
</testsuite> <!-- com.demomavenprojectpractice.com.demomavenpractice.TestNGPractice -->
