<?xml version="1.0" encoding="UTF-8"?>
<!-- Generated by org.testng.reporters.JUnitReportReporter -->
<testsuite skipped="0" hostname="DESKTOP-E1E9EHH" name="com.demomavenprojectpractice.com.demomavenpractice.Dataproviderdemo" tests="5" failures="0" timestamp="24 May 2020 13:22:59 GMT" time="14.489" errors="0">
  <testcase name="traveldetails" time="0.893" classname="com.demomavenprojectpractice.com.demomavenpractice.Dataproviderdemo"/>
  <testcase name="traveldetails" time="1.259" classname="com.demomavenprojectpractice.com.demomavenpractice.Dataproviderdemo"/>
  <testcase name="logout" time="1.228" classname="com.demomavenprojectpractice.com.demomavenpractice.Dataproviderdemo"/>
  <testcase name="logincredentials" time="10.305" classname="com.demomavenprojectpractice.com.demomavenpractice.Dataproviderdemo"/>
  <testcase name="traveldetails" time="0.804" classname="com.demomavenprojectpractice.com.demomavenpractice.Dataproviderdemo"/>
</testsuite> <!-- com.demomavenprojectpractice.com.demomavenpractice.Dataproviderdemo -->
