<?xml version="1.0" encoding="UTF-8"?>
<!-- Generated by org.testng.reporters.JUnitReportReporter -->
<testsuite skipped="0" hostname="DESKTOP-E1E9EHH" name="selenium4features.Handlingpopupcode" tests="1" failures="0" timestamp="11 Nov 2019 16:26:53 GMT" time="25.454" errors="0">
  <testcase name="openurlandlogin" time="25.454" classname="selenium4features.Handlingpopupcode"/>
</testsuite> <!-- selenium4features.Handlingpopupcode -->
