<?xml version="1.0" encoding="UTF-8"?>
<!-- Generated by org.testng.reporters.JUnitReportReporter -->
<testsuite skipped="0" hostname="DESKTOP-E1E9EHH" name="com.demomavenprojectpractice.com.demomavenpractice.DropdownSortdown" tests="2" failures="0" timestamp="17 Dec 2019 13:49:52 GMT" time="14.899" errors="0">
  <testcase name="openurl" time="12.614" classname="com.demomavenprojectpractice.com.demomavenpractice.DropdownSortdown"/>
  <testcase name="verifydropdown" time="2.285" classname="com.demomavenprojectpractice.com.demomavenpractice.DropdownSortdown"/>
</testsuite> <!-- com.demomavenprojectpractice.com.demomavenpractice.DropdownSortdown -->
