<?xml version="1.0" encoding="UTF-8"?>
<!-- Generated by org.testng.reporters.JUnitReportReporter -->
<testsuite skipped="0" hostname="DESKTOP-E1E9EHH" name="selenium4features.Selenium4newlocator" tests="1" failures="0" timestamp="23 Oct 2019 18:32:40 GMT" time="92.577" errors="0">
  <testcase name="openurlandlogin" time="92.577" classname="selenium4features.Selenium4newlocator"/>
</testsuite> <!-- selenium4features.Selenium4newlocator -->
