<?xml version="1.0" encoding="UTF-8"?>
<!-- Generated by org.testng.reporters.JUnitReportReporter -->
<testsuite skipped="0" hostname="DESKTOP-E1E9EHH" name="javabasicprogramms.StaleElementException" tests="1" failures="0" timestamp="30 Dec 2020 02:00:57 GMT" time="18.246" errors="0">
  <testcase name="staleElement" time="18.246" classname="javabasicprogramms.StaleElementException"/>
</testsuite> <!-- javabasicprogramms.StaleElementException -->
