<?xml version="1.0" encoding="UTF-8"?>
<!-- Generated by org.testng.reporters.JUnitReportReporter -->
<testsuite skipped="0" hostname="DESKTOP-E1E9EHH" name="javabasicprogramms.CSSPractice" tests="1" failures="0" timestamp="01 Jan 2020 10:48:52 GMT" time="14.024" errors="0">
  <testcase name="openurlandlogin" time="14.024" classname="javabasicprogramms.CSSPractice"/>
</testsuite> <!-- javabasicprogramms.CSSPractice -->
