<?xml version="1.0" encoding="UTF-8"?>
<!-- Generated by org.testng.reporters.JUnitReportReporter -->
<testsuite skipped="0" hostname="DESKTOP-E1E9EHH" name="selenium4features.SendKeysfunctionaity" tests="1" failures="0" timestamp="02 Nov 2019 16:33:08 GMT" time="17.284" errors="0">
  <testcase name="openurlandlogin" time="17.284" classname="selenium4features.SendKeysfunctionaity"/>
</testsuite> <!-- selenium4features.SendKeysfunctionaity -->
