<?xml version="1.0" encoding="UTF-8"?>
<!-- Generated by org.testng.reporters.JUnitReportReporter -->
<testsuite skipped="0" hostname="DESKTOP-E1E9EHH" name="com.demomavenprojectpractice.com.demomavenpractice.DynamicWebTable" tests="1" failures="0" timestamp="26 May 2020 12:59:23 GMT" time="5.385" errors="0">
  <testcase name="verifywebtable" time="5.385" classname="com.demomavenprojectpractice.com.demomavenpractice.DynamicWebTable"/>
</testsuite> <!-- com.demomavenprojectpractice.com.demomavenpractice.DynamicWebTable -->
