<?xml version="1.0" encoding="UTF-8"?>
<!-- Generated by org.testng.reporters.JUnitReportReporter -->
<testsuite skipped="0" hostname="DESKTOP-E1E9EHH" name="javabasicprogramms.LoginandLogout" tests="1" failures="0" timestamp="06 Jun 2020 22:39:29 GMT" time="76.053" errors="0">
  <testcase name="testcredentials" time="76.053" classname="javabasicprogramms.LoginandLogout"/>
</testsuite> <!-- javabasicprogramms.LoginandLogout -->
