<?xml version="1.0" encoding="UTF-8"?>
<!-- Generated by org.testng.reporters.JUnitReportReporter -->
<testsuite skipped="0" hostname="DESKTOP-E1E9EHH" name="otpHandling.Testotp" tests="2" failures="0" timestamp="06 Oct 2019 04:59:52 GMT" time="33.224" errors="0">
  <testcase name="verifyOTP" time="28.070" classname="otpHandling.Testotp"/>
  <testcase name="verifyotplogin" time="5.154" classname="otpHandling.Testotp"/>
</testsuite> <!-- otpHandling.Testotp -->
