<?xml version="1.0" encoding="UTF-8"?>
<!-- Generated by org.testng.reporters.JUnitReportReporter -->
<testsuite skipped="0" hostname="DESKTOP-E1E9EHH" name="javabasicprogramms.Bootstrapdropdown" tests="1" failures="0" timestamp="11 Jan 2020 14:39:20 GMT" time="22.644" errors="0">
  <testcase name="bootstrapdown" time="22.644" classname="javabasicprogramms.Bootstrapdropdown"/>
</testsuite> <!-- javabasicprogramms.Bootstrapdropdown -->
