<?xml version="1.0" encoding="UTF-8"?>
<!-- Generated by org.testng.reporters.JUnitReportReporter -->
<testsuite skipped="0" hostname="DESKTOP-E1E9EHH" name="javabasicprogramms.Bootsrapexample" tests="1" failures="0" timestamp="21 Jan 2020 12:00:42 GMT" time="18.609" errors="0">
  <testcase name="bootstrapdown" time="18.609" classname="javabasicprogramms.Bootsrapexample"/>
</testsuite> <!-- javabasicprogramms.Bootsrapexample -->
