<?xml version="1.0" encoding="UTF-8"?>
<!-- Generated by org.testng.reporters.JUnitReportReporter -->
<testsuite skipped="0" hostname="DESKTOP-E1E9EHH" name="selenium4features.Opennewtab" tests="1" failures="0" timestamp="05 Nov 2019 16:22:04 GMT" time="50.145" errors="0">
  <testcase name="openurlandlogin" time="50.145" classname="selenium4features.Opennewtab"/>
</testsuite> <!-- selenium4features.Opennewtab -->
