<?xml version="1.0" encoding="UTF-8"?>
<!-- Generated by org.testng.reporters.JUnitReportReporter -->
<testsuite skipped="0" hostname="DESKTOP-E1E9EHH" name="com.demomavenprojectpractice.com.demomavenpractice.TestNGDataProvider" tests="4" failures="0" timestamp="23 May 2020 17:16:45 GMT" time="19.810" errors="0">
  <testcase name="traveldetails" time="1.035" classname="com.demomavenprojectpractice.com.demomavenpractice.TestNGDataProvider"/>
  <testcase name="logincredentials" time="15.892" classname="com.demomavenprojectpractice.com.demomavenpractice.TestNGDataProvider"/>
  <testcase name="traveldetails" time="1.018" classname="com.demomavenprojectpractice.com.demomavenpractice.TestNGDataProvider"/>
  <testcase name="logout" time="1.865" classname="com.demomavenprojectpractice.com.demomavenpractice.TestNGDataProvider"/>
</testsuite> <!-- com.demomavenprojectpractice.com.demomavenpractice.TestNGDataProvider -->
